<?xml version ="1.0" encoding = "UTF-8"?>
<tests xmlns:xsi="http://www.w3.org/2001/XMLSchema-instance">
  <params></params>

  <class name="ArchetypeServiceTestCase">
    <params>
      <param name="assertionFile" type="java.lang.String">
         org/openvpms/component/business/service/archetype/assertionTypes.xml
      </param>
      <param name="dir" type="java.lang.String">
        org/openvpms/archetype
      </param>
      <param name="extension" type="java.lang.String">adl</param>
    </params>
  </class>

  <class name="ArchetypeServiceWithAssertionDescriptorTestCase">
    <params>
      <param name="assertionFile" type="java.lang.String">
        org/openvpms/component/business/service/archetype/assertionTypes.xml
      </param>
      <param name="archetypeFile" type="java.lang.String">
        org/openvpms/archetype/system/assertion/assertion.archetypeRange.adl
      </param>
    </params>
  </class>

  <class name="ValidationErrorTestCase">
    <params>
      <param name="assertionFile" type="java.lang.String">
        org/openvpms/component/business/service/archetype/assertionTypes.xml
      </param>
      <param name="dir" type="java.lang.String">
        org/openvpms/archetype
      </param>
      <param name="extension" type="java.lang.String">adl</param>
    </params>

    <!-- Data for the testRegExValidation method -->
    <method name="testRegExValidation" test-case="normal">
      <params>
        <param name="file" type="java.lang.String">
          org/openvpms/component/business/service/archetype/contact.phoneNumber.xml
        </param>
      </params>
    </method>

    <!-- Data for the testMinMaxCardinalityOnCollections method -->
    <method name="testMinMaxCardinalityOnCollections" test-case="normal">
      <params>
        <param name="file" type="java.lang.String">
          org/openvpms/component/business/service/archetype/party.animalpet.xml
        </param>
      </params>
    </method>

    <!-- Data for the testMaxCardinalityOnCollections method -->
    <method name="testMaxCardinalityOnCollections" test-case="normal">
      <params>
        <param name="file" type="java.lang.String">
          org/openvpms/component/business/service/archetype/party.animalpet.xml
        </param>
      </params>
    </method>

    <!-- Data for the testMinUnboundedCardinalityOnCollections method -->
    <method name="testMinUnboundedCardinalityOnCollections"
      test-case="normal">
      <params>
        <param name="file" type="java.lang.String">
          org/openvpms/component/business/service/archetype/party.animalpet.xml
        </param>
      </params>
    </method>

    <!-- Data for the testUnboundedCardinalityOnCollections method -->
    <method name="testUnboundedCardinalityOnCollections" test-case="normal">
      <params>
        <param name="file" type="java.lang.String">
          org/openvpms/component/business/service/archetype/party.animalpet.xml
        </param>
      </params>
    </method>
  </class>
  <class name="CreateDefaultObjectTestCase">
    <params>
      <param name="assertionFile" type="java.lang.String">
        org/openvpms/component/business/service/archetype/assertionTypes.xml
      </param>
      <param name="dir" type="java.lang.String">
        org/openvpms/archetype
      </param>
      <param name="extension" type="java.lang.String">adl</param>
    </params>
  </class>
</tests>


