<?xml version ="1.0" encoding = "UTF-8"?>
<tests xmlns:xsi="http://www.w3.org/2001/XMLSchema-instance">
	<params></params>

	<class name="ArchetypeDescriptorCacheFSTestCase">
		<params>
			<param name="assertionFile" type="java.lang.String">
				org/openvpms/archetype/assertionTypes.xml
			</param>
			<param name="dir" type="java.lang.String">
				org/openvpms/archetype
			</param>
			<param name="extension" type="java.lang.String">adl</param>
		</params>

		<!-- Data for the testCreationWithNullFileName method -->
		<method name="testCreationWithNullFileName"
			test-case="normal">
			<params>
				<param name="assertionFile" type="java.lang.String">
					org/openvpms/component/business/service/archetype/descriptor/cache/valid-assertion-type-file-1.xml
				</param>
			</params>
		</method>

		<!-- Data for the testCreationWithInvalidFileName method -->
		<method name="testCreationWithInvalidFileName"
			test-case="normal">
			<params>
				<param name="assertionFile" type="java.lang.String">
					org/openvpms/component/business/service/archetype/descriptor/cache/valid-assertion-type-file-1.xml
				</param>
			</params>
		</method>

		<!-- Data for the testCreationWithValidFileContent method -->
		<method name="testCreationWithValidFileContent"
			test-case="valid-files">
			<params>
				<param name="assertionFile" type="java.lang.String">
					org/openvpms/component/business/service/archetype/descriptor/cache/valid-assertion-type-file-1.xml
				</param>
				<param name="files" type="java.util.Vector"
					value-type="java.lang.String">
					<param>
						org/openvpms/component/business/service/archetype/descriptor/cache/valid-archetype-file-1.xml
					</param>
					<param>
						org/openvpms/component/business/service/archetype/descriptor/cache/valid-archetype-file-2.xml
					</param>
					<param>
						org/openvpms/component/business/service/archetype/descriptor/cache/valid-archetype-file-3.xml
					</param>
				</param>
			</params>
		</method>

		<!-- Data for the testCreationWithValidFileContent method -->
		<method name="testCreationWithInvalidFileContent"
			test-case="invalid-files">
			<params>
				<param name="assertionFile" type="java.lang.String">
					org/openvpms/component/business/service/archetype/descriptor/cache/valid-assertion-type-file-1.xml
				</param>
				<param name="files" type="java.util.Vector"
					value-type="java.lang.String">
					<param>
						org/openvpms/component/business/service/archetype/descriptor/cache/invalid-archetype-file-1.xml
					</param>
					<param>
						org/openvpms/component/business/service/archetype/descriptor/cache/invalid-archetype-file-2.xml
					</param>
					<param>
						org/openvpms/component/business/service/archetype/descriptor/cache/invalid-archetype-file-3.xml
					</param>
				</param>
			</params>
		</method>

		<!-- Data for the testValidEntryRetrieval method -->
		<method name="testValidEntryRetrieval"
			test-case="valid-retrieval">
			<params>
				<param name="assertionFile" type="java.lang.String">
					org/openvpms/component/business/service/archetype/descriptor/cache/valid-assertion-type-file-1.xml
				</param>
				<param name="file" type="java.lang.String">
					org/openvpms/component/business/service/archetype/descriptor/cache/valid-archetype-file-2.xml
				</param>
				<param name="archetypes" type="java.util.Vector"
					value-type="java.lang.String">
					<param>person.customer</param>
					<param>animal.pet</param>
					<param>party.supplier</param>
					<param>party.administrator</param>
				</param>
			</params>
		</method>

		<!-- Data for the testInvalidEntryRetrieval method -->
		<method name="testInvalidEntryRetrieval"
			test-case="invalid-retrieval">
			<params>
				<param name="assertionFile" type="java.lang.String">
					org/openvpms/component/business/service/archetype/descriptor/cache/valid-assertion-type-file-1.xml
				</param>
				<param name="file" type="java.lang.String">
					org/openvpms/component/business/service/archetype/descriptor/cache/valid-archetype-file-2.xml
				</param>
				<param name="archetypes" type="java.util.Vector"
					value-type="java.lang.String">
					<param>party1.customer</param>
					<param>party1.animal</param>
					<param>party1.supplier</param>
					<param>party1.administrator</param>
				</param>
			</params>
		</method>

		<!--  Data for the testLoadingArchetypesFromDir method -->
		<method name="testLoadingArchetypesFromDir"
			test-case="normal">
			<params>
				<param name="recordCount1" type="java.lang.Integer">
					48
				</param>
			</params>
		</method>

		<!--  Data for the testRetrievalByShortName method -->
		<method name="testRetrievalByShortName" test-case="normal">
			<params>
				<param name="recordCount1" type="java.lang.Integer">
					3
				</param>
				<param name="recordCount2" type="java.lang.Integer">
					1
				</param>
				<param name="recordCount3" type="java.lang.Integer">
					4
				</param>
				<param name="recordCount4" type="java.lang.Integer">
					1
				</param>
			</params>
		</method>

		<!--  Data for the testRetrievalByReferenceModelName method -->
		<method name="testRetrievalByReferenceModelName"
			test-case="normal">
			<params>
				<param name="recordCount1" type="java.lang.Integer">
					8
				</param>
				<param name="recordCount2" type="java.lang.Integer">
					10
				</param>
				<param name="recordCount3" type="java.lang.Integer">
					5
				</param>
			</params>
		</method>
	</class>

</tests>


