<?xml version ="1.0" encoding = "UTF-8"?>
<tests xmlns:xsi="http://www.w3.org/2001/XMLSchema-instance">
  <params>
  </params>
  
  <class name="JUGGeneratorTestCase">
    <!-- Data for the testMultipleUUIDCreation method -->
  	<method name="testMultipleUUIDCreation" test-case="normal">
  		<params>
  			<param name="generateCount" type="java.lang.Integer">100</param>
  		</params>
  	</method>

    <!-- Data for the testMultipleUUIDGeneratorWithPrefix method -->
  	<method name="testMultipleUUIDGeneratorWithPrefix" test-case="normal">
  		<params>
  			<param name="generateCount" type="int">100</param>
  			<param name="prefix" type="java.lang.String">entity:</param>
  		</params>
  	</method>
  </class>
</tests>


