<?xml version ="1.0" encoding = "UTF-8"?>
<tests xmlns:xsi="http://www.w3.org/2001/XMLSchema-instance">
	<params></params>

	<class name="JXPathTestCase">
		<params>
			<param name="assertionFile" type="java.lang.String">
				org/openvpms/archetype/assertionTypes.xml
			</param>
			<param name="dir" type="java.lang.String">
				org/openvpms/archetype
			</param>
			<param name="extension" type="java.lang.String">adl</param>
		</params>
	</class>
</tests>


