<?xml version ="1.0" encoding = "UTF-8"?>
<tests xmlns:xsi="http://www.w3.org/2001/XMLSchema-instance">
  <params>
  </params>
  
  <class name="DescriptorTestCase">
    <!-- Data for the testSingleArchetypeDescripor method -->
  	<method name="testSingleArchetypeDescripor" test-case="normal">
  		<params>
  			<param name="mappingFile" type="java.lang.String">
  			   org/openvpms/component/business/service/archetype/descriptor/archetype-mapping-file.xml
  			 </param>
  			<param name="archetypeFile" type="java.lang.String">
  			   org/openvpms/component/business/service/archetype/descriptor/single-archetype.xml
  			 </param>
  		</params>
  	</method>

    <!-- Data for the testAssertionTypeDescriptors method -->
  	<method name="testAssertionTypeDescriptors" test-case="normal">
  		<params>
  			<param name="mappingFile" type="java.lang.String">
  			   org/openvpms/component/business/service/archetype/descriptor/assertion-type-mapping-file.xml
  			 </param>
  			<param name="assertionFile" type="java.lang.String">
  			   org/openvpms/component/business/service/archetype/descriptor/assertion-test-types.xml
  			 </param>
  		</params>
  	</method>
  </class>
</tests>


