<?xml version ="1.0" encoding = "UTF-8"?>
<tests xmlns:xsi="http://www.w3.org/2001/XMLSchema-instance">

	<class name="DescriptorTestCase">
		<params>
			<param name="mappingFile" type="java.lang.String">
				org/openvpms/component/business/service/archetype/descriptor/archetype-mapping-file.xml
			</param>
			<param name="archetypeFile" type="java.lang.String">
				org/openvpms/component/business/service/archetype/descriptor/single-archetype.xml
			</param>
			<param name="assertionMappingFile" type="java.lang.String">
				org/openvpms/component/business/service/archetype/descriptor/assertion-type-mapping-file.xml
			</param>
			<param name="assertionFile" type="java.lang.String">
				org/openvpms/component/business/service/archetype/descriptor/assertion-test-types.xml
			</param>
		</params>

		<!-- Data for the testIsLookup method -->
		<method name="testIsLookup" test-case="normal">
			<params>
				<param name="nodeName" type="java.lang.String">
					postcode
				</param>
			</params>
		</method>

		<!-- Data for the testIsHidden method -->
		<method name="testIsHidden" test-case="normal">
			<params>
				<param name="nodeName" type="java.lang.String">
					details
				</param>
			</params>
		</method>
	</class>
</tests>


