<?xml version ="1.0" encoding = "UTF-8"?>
<tests xmlns:xsi="http://www.w3.org/2001/XMLSchema-instance">

	<class name="ArchetypeDescriptorTestCase">
		<params>
			<param name="mappingFile" type="java.lang.String">
				org/openvpms/component/business/domain/im/archetype/descriptor/archetype-mapping-file.xml
			</param>
			<param name="archetypeFile" type="java.lang.String">
				org/openvpms/component/business/service/archetype/descriptor/single-archetype.xml
			</param>
			<param name="assertionMappingFile"
				type="java.lang.String">
				org/openvpms/component/business/domain/im/archetype/descriptor/assertion-type-mapping-file.xml
			</param>
			<param name="assertionFile" type="java.lang.String">
				org/openvpms/component/business/service/archetype/descriptor/assertion-test-types.xml
			</param>
		</params>

		<!-- Data for the testGetNodeDescriptorMethods method -->
		<method name="testGetNodeDescriptorMethods" test-case="normal">
			<params>
				<param name="archetypeFile" type="java.lang.String">
					org/openvpms/component/business/service/archetype/descriptor/archetypes.xml
				</param>
			</params>
		</method>
	</class>

	<class name="AssertionDescriptorTestCase">
		<params>
			<param name="mappingFile" type="java.lang.String">
				org/openvpms/component/business/domain/im/archetype/descriptor/archetype-mapping-file.xml
			</param>
			<param name="archetypeFile" type="java.lang.String">
				org/openvpms/component/business/service/archetype/descriptor/assertion-archetypeRange.xml
			</param>
			<param name="assertionMappingFile"
				type="java.lang.String">
				org/openvpms/component/business/domain/im/archetype/descriptor/assertion-type-mapping-file.xml
			</param>
			<param name="assertionFile" type="java.lang.String">
				org/openvpms/component/business/service/archetype/descriptor/assertion-test-types.xml
			</param>
		</params>
	</class>
</tests>


